28-Dec-2020 09:47:38.901 정보 [main] org.apache.catalina.startup.VersionLoggerListener.log 서버 버전 이름:    Apache Tomcat/9.0.41
28-Dec-2020 09:47:38.907 정보 [main] org.apache.catalina.startup.VersionLoggerListener.log Server 빌드 시각:  Dec 3 2020 11:43:00 UTC
28-Dec-2020 09:47:38.908 정보 [main] org.apache.catalina.startup.VersionLoggerListener.log Server 버전 번호:  9.0.41.0
28-Dec-2020 09:47:38.909 정보 [main] org.apache.catalina.startup.VersionLoggerListener.log 운영체제 이름:     Windows 10
28-Dec-2020 09:47:38.909 정보 [main] org.apache.catalina.startup.VersionLoggerListener.log 운영체제 버전:     10.0
28-Dec-2020 09:47:38.909 정보 [main] org.apache.catalina.startup.VersionLoggerListener.log 아키텍처:          amd64
28-Dec-2020 09:47:38.909 정보 [main] org.apache.catalina.startup.VersionLoggerListener.log 자바 홈:           C:\Program Files\Java\jdk1.8.0_261\jre
28-Dec-2020 09:47:38.909 정보 [main] org.apache.catalina.startup.VersionLoggerListener.log JVM 버전:          1.8.0_261-b12
28-Dec-2020 09:47:38.910 정보 [main] org.apache.catalina.startup.VersionLoggerListener.log JVM 벤더:          Oracle Corporation
28-Dec-2020 09:47:38.910 정보 [main] org.apache.catalina.startup.VersionLoggerListener.log CATALINA_BASE:     C:\Git_BUSAN_IT\Eclipse\apache-tomcat-9.0.41-windows-x64\apache-tomcat-9.0.41
28-Dec-2020 09:47:38.910 정보 [main] org.apache.catalina.startup.VersionLoggerListener.log CATALINA_HOME:     C:\Git_BUSAN_IT\Eclipse\apache-tomcat-9.0.41-windows-x64\apache-tomcat-9.0.41
28-Dec-2020 09:47:38.912 정보 [main] org.apache.catalina.startup.VersionLoggerListener.log 명령 행 아규먼트:  -Djava.util.logging.config.file=C:\Git_BUSAN_IT\Eclipse\apache-tomcat-9.0.41-windows-x64\apache-tomcat-9.0.41\conf\logging.properties
28-Dec-2020 09:47:38.912 정보 [main] org.apache.catalina.startup.VersionLoggerListener.log 명령 행 아규먼트:  -Djava.util.logging.manager=org.apache.juli.ClassLoaderLogManager
28-Dec-2020 09:47:38.913 정보 [main] org.apache.catalina.startup.VersionLoggerListener.log 명령 행 아규먼트:  -Djdk.tls.ephemeralDHKeySize=2048
28-Dec-2020 09:47:38.913 정보 [main] org.apache.catalina.startup.VersionLoggerListener.log 명령 행 아규먼트:  -Djava.protocol.handler.pkgs=org.apache.catalina.webresources
28-Dec-2020 09:47:38.914 정보 [main] org.apache.catalina.startup.VersionLoggerListener.log 명령 행 아규먼트:  -Dignore.endorsed.dirs=
28-Dec-2020 09:47:38.914 정보 [main] org.apache.catalina.startup.VersionLoggerListener.log 명령 행 아규먼트:  -Dcatalina.base=C:\Git_BUSAN_IT\Eclipse\apache-tomcat-9.0.41-windows-x64\apache-tomcat-9.0.41
28-Dec-2020 09:47:38.917 정보 [main] org.apache.catalina.startup.VersionLoggerListener.log 명령 행 아규먼트:  -Dcatalina.home=C:\Git_BUSAN_IT\Eclipse\apache-tomcat-9.0.41-windows-x64\apache-tomcat-9.0.41
28-Dec-2020 09:47:38.917 정보 [main] org.apache.catalina.startup.VersionLoggerListener.log 명령 행 아규먼트:  -Djava.io.tmpdir=C:\Git_BUSAN_IT\Eclipse\apache-tomcat-9.0.41-windows-x64\apache-tomcat-9.0.41\temp
28-Dec-2020 09:47:38.938 정보 [main] org.apache.catalina.core.AprLifecycleListener.lifecycleEvent APR 버전 [1.7.0]을(를) 사용한, APR 기반 Apache Tomcat Native 라이브러리 [1.2.25]을(를) 로드했습니다.
28-Dec-2020 09:47:38.940 정보 [main] org.apache.catalina.core.AprLifecycleListener.lifecycleEvent APR 용량정보들: IPv6 [true], sendfile [true], accept filters [false], random [true].
28-Dec-2020 09:47:38.940 정보 [main] org.apache.catalina.core.AprLifecycleListener.lifecycleEvent APR/OpenSSL 설정: useAprConnector [false], useOpenSSL [true]
28-Dec-2020 09:47:38.957 정보 [main] org.apache.catalina.core.AprLifecycleListener.initializeSSL OpenSSL이 성공적으로 초기화되었습니다: [OpenSSL 1.1.1g  21 Apr 2020]
28-Dec-2020 09:47:39.317 정보 [main] org.apache.coyote.AbstractProtocol.init 프로토콜 핸들러 ["http-nio-8696"]을(를) 초기화합니다.
28-Dec-2020 09:47:39.839 정보 [main] org.apache.catalina.startup.Catalina.load [1139] 밀리초 내에 서버가 초기화되었습니다.
28-Dec-2020 09:47:39.870 정보 [main] org.apache.catalina.core.StandardService.startInternal 서비스 [Catalina]을(를) 시작합니다.
28-Dec-2020 09:47:39.871 정보 [main] org.apache.catalina.core.StandardEngine.startInternal 서버 엔진을 시작합니다: [Apache Tomcat/9.0.41]
28-Dec-2020 09:47:39.879 정보 [main] org.apache.catalina.startup.HostConfig.deployDirectory 웹 애플리케이션 디렉토리 [C:\Git_BUSAN_IT\Eclipse\apache-tomcat-9.0.41-windows-x64\apache-tomcat-9.0.41\webapps\docs]을(를) 배치합니다.
28-Dec-2020 09:47:40.323 정보 [main] org.apache.jasper.servlet.TldScanner.scanJars 적어도 하나의 JAR가 TLD들을 찾기 위해 스캔되었으나 아무 것도 찾지 못했습니다. 스캔했으나 TLD가 없는 JAR들의 전체 목록을 보시려면, 로그 레벨을 디버그 레벨로 설정하십시오. 스캔 과정에서 불필요한 JAR들을 건너뛰면, 시스템 시작 시간과 JSP 컴파일 시간을 단축시킬 수 있습니다.
28-Dec-2020 09:47:40.367 정보 [main] org.apache.catalina.startup.HostConfig.deployDirectory 웹 애플리케이션 디렉토리 [C:\Git_BUSAN_IT\Eclipse\apache-tomcat-9.0.41-windows-x64\apache-tomcat-9.0.41\webapps\docs]에 대한 배치가 [486] 밀리초에 완료되었습니다.
28-Dec-2020 09:47:40.370 정보 [main] org.apache.catalina.startup.HostConfig.deployDirectory 웹 애플리케이션 디렉토리 [C:\Git_BUSAN_IT\Eclipse\apache-tomcat-9.0.41-windows-x64\apache-tomcat-9.0.41\webapps\examples]을(를) 배치합니다.
28-Dec-2020 09:47:41.002 정보 [main] org.apache.jasper.servlet.TldScanner.scanJars 적어도 하나의 JAR가 TLD들을 찾기 위해 스캔되었으나 아무 것도 찾지 못했습니다. 스캔했으나 TLD가 없는 JAR들의 전체 목록을 보시려면, 로그 레벨을 디버그 레벨로 설정하십시오. 스캔 과정에서 불필요한 JAR들을 건너뛰면, 시스템 시작 시간과 JSP 컴파일 시간을 단축시킬 수 있습니다.
28-Dec-2020 09:47:41.045 정보 [main] org.apache.catalina.startup.HostConfig.deployDirectory 웹 애플리케이션 디렉토리 [C:\Git_BUSAN_IT\Eclipse\apache-tomcat-9.0.41-windows-x64\apache-tomcat-9.0.41\webapps\examples]에 대한 배치가 [675] 밀리초에 완료되었습니다.
28-Dec-2020 09:47:41.047 정보 [main] org.apache.catalina.startup.HostConfig.deployDirectory 웹 애플리케이션 디렉토리 [C:\Git_BUSAN_IT\Eclipse\apache-tomcat-9.0.41-windows-x64\apache-tomcat-9.0.41\webapps\host-manager]을(를) 배치합니다.
28-Dec-2020 09:47:41.280 정보 [main] org.apache.jasper.servlet.TldScanner.scanJars 적어도 하나의 JAR가 TLD들을 찾기 위해 스캔되었으나 아무 것도 찾지 못했습니다. 스캔했으나 TLD가 없는 JAR들의 전체 목록을 보시려면, 로그 레벨을 디버그 레벨로 설정하십시오. 스캔 과정에서 불필요한 JAR들을 건너뛰면, 시스템 시작 시간과 JSP 컴파일 시간을 단축시킬 수 있습니다.
28-Dec-2020 09:47:41.284 정보 [main] org.apache.catalina.startup.HostConfig.deployDirectory 웹 애플리케이션 디렉토리 [C:\Git_BUSAN_IT\Eclipse\apache-tomcat-9.0.41-windows-x64\apache-tomcat-9.0.41\webapps\host-manager]에 대한 배치가 [237] 밀리초에 완료되었습니다.
28-Dec-2020 09:47:41.286 정보 [main] org.apache.catalina.startup.HostConfig.deployDirectory 웹 애플리케이션 디렉토리 [C:\Git_BUSAN_IT\Eclipse\apache-tomcat-9.0.41-windows-x64\apache-tomcat-9.0.41\webapps\manager]을(를) 배치합니다.
28-Dec-2020 09:47:41.502 정보 [main] org.apache.jasper.servlet.TldScanner.scanJars 적어도 하나의 JAR가 TLD들을 찾기 위해 스캔되었으나 아무 것도 찾지 못했습니다. 스캔했으나 TLD가 없는 JAR들의 전체 목록을 보시려면, 로그 레벨을 디버그 레벨로 설정하십시오. 스캔 과정에서 불필요한 JAR들을 건너뛰면, 시스템 시작 시간과 JSP 컴파일 시간을 단축시킬 수 있습니다.
28-Dec-2020 09:47:41.505 정보 [main] org.apache.catalina.startup.HostConfig.deployDirectory 웹 애플리케이션 디렉토리 [C:\Git_BUSAN_IT\Eclipse\apache-tomcat-9.0.41-windows-x64\apache-tomcat-9.0.41\webapps\manager]에 대한 배치가 [219] 밀리초에 완료되었습니다.
28-Dec-2020 09:47:41.505 정보 [main] org.apache.catalina.startup.HostConfig.deployDirectory 웹 애플리케이션 디렉토리 [C:\Git_BUSAN_IT\Eclipse\apache-tomcat-9.0.41-windows-x64\apache-tomcat-9.0.41\webapps\ROOT]을(를) 배치합니다.
28-Dec-2020 09:47:41.728 정보 [main] org.apache.jasper.servlet.TldScanner.scanJars 적어도 하나의 JAR가 TLD들을 찾기 위해 스캔되었으나 아무 것도 찾지 못했습니다. 스캔했으나 TLD가 없는 JAR들의 전체 목록을 보시려면, 로그 레벨을 디버그 레벨로 설정하십시오. 스캔 과정에서 불필요한 JAR들을 건너뛰면, 시스템 시작 시간과 JSP 컴파일 시간을 단축시킬 수 있습니다.
28-Dec-2020 09:47:41.732 정보 [main] org.apache.catalina.startup.HostConfig.deployDirectory 웹 애플리케이션 디렉토리 [C:\Git_BUSAN_IT\Eclipse\apache-tomcat-9.0.41-windows-x64\apache-tomcat-9.0.41\webapps\ROOT]에 대한 배치가 [227] 밀리초에 완료되었습니다.
28-Dec-2020 09:47:41.737 정보 [main] org.apache.coyote.AbstractProtocol.start 프로토콜 핸들러 ["http-nio-8696"]을(를) 시작합니다.
28-Dec-2020 09:47:41.745 정보 [main] org.apache.catalina.startup.Catalina.start 서버가 [1902] 밀리초 내에 시작되었습니다.
28-Dec-2020 09:47:59.775 정보 [main] org.apache.catalina.startup.VersionLoggerListener.log 서버 버전 이름:    Apache Tomcat/9.0.41
28-Dec-2020 09:47:59.778 정보 [main] org.apache.catalina.startup.VersionLoggerListener.log Server 빌드 시각:  Dec 3 2020 11:43:00 UTC
28-Dec-2020 09:47:59.779 정보 [main] org.apache.catalina.startup.VersionLoggerListener.log Server 버전 번호:  9.0.41.0
28-Dec-2020 09:47:59.779 정보 [main] org.apache.catalina.startup.VersionLoggerListener.log 운영체제 이름:     Windows 10
28-Dec-2020 09:47:59.779 정보 [main] org.apache.catalina.startup.VersionLoggerListener.log 운영체제 버전:     10.0
28-Dec-2020 09:47:59.779 정보 [main] org.apache.catalina.startup.VersionLoggerListener.log 아키텍처:          amd64
28-Dec-2020 09:47:59.779 정보 [main] org.apache.catalina.startup.VersionLoggerListener.log 자바 홈:           C:\Program Files\Java\jdk1.8.0_261\jre
28-Dec-2020 09:47:59.780 정보 [main] org.apache.catalina.startup.VersionLoggerListener.log JVM 버전:          1.8.0_261-b12
28-Dec-2020 09:47:59.780 정보 [main] org.apache.catalina.startup.VersionLoggerListener.log JVM 벤더:          Oracle Corporation
28-Dec-2020 09:47:59.780 정보 [main] org.apache.catalina.startup.VersionLoggerListener.log CATALINA_BASE:     C:\Git_BUSAN_IT\Eclipse\apache-tomcat-9.0.41-windows-x64\apache-tomcat-9.0.41
28-Dec-2020 09:47:59.780 정보 [main] org.apache.catalina.startup.VersionLoggerListener.log CATALINA_HOME:     C:\Git_BUSAN_IT\Eclipse\apache-tomcat-9.0.41-windows-x64\apache-tomcat-9.0.41
28-Dec-2020 09:47:59.781 정보 [main] org.apache.catalina.startup.VersionLoggerListener.log 명령 행 아규먼트:  -Djava.util.logging.config.file=C:\Git_BUSAN_IT\Eclipse\apache-tomcat-9.0.41-windows-x64\apache-tomcat-9.0.41\conf\logging.properties
28-Dec-2020 09:47:59.781 정보 [main] org.apache.catalina.startup.VersionLoggerListener.log 명령 행 아규먼트:  -Djava.util.logging.manager=org.apache.juli.ClassLoaderLogManager
28-Dec-2020 09:47:59.781 정보 [main] org.apache.catalina.startup.VersionLoggerListener.log 명령 행 아규먼트:  -Djdk.tls.ephemeralDHKeySize=2048
28-Dec-2020 09:47:59.782 정보 [main] org.apache.catalina.startup.VersionLoggerListener.log 명령 행 아규먼트:  -Djava.protocol.handler.pkgs=org.apache.catalina.webresources
28-Dec-2020 09:47:59.782 정보 [main] org.apache.catalina.startup.VersionLoggerListener.log 명령 행 아규먼트:  -Dignore.endorsed.dirs=
28-Dec-2020 09:47:59.782 정보 [main] org.apache.catalina.startup.VersionLoggerListener.log 명령 행 아규먼트:  -Dcatalina.base=C:\Git_BUSAN_IT\Eclipse\apache-tomcat-9.0.41-windows-x64\apache-tomcat-9.0.41
28-Dec-2020 09:47:59.785 정보 [main] org.apache.catalina.startup.VersionLoggerListener.log 명령 행 아규먼트:  -Dcatalina.home=C:\Git_BUSAN_IT\Eclipse\apache-tomcat-9.0.41-windows-x64\apache-tomcat-9.0.41
28-Dec-2020 09:47:59.785 정보 [main] org.apache.catalina.startup.VersionLoggerListener.log 명령 행 아규먼트:  -Djava.io.tmpdir=C:\Git_BUSAN_IT\Eclipse\apache-tomcat-9.0.41-windows-x64\apache-tomcat-9.0.41\temp
28-Dec-2020 09:47:59.789 정보 [main] org.apache.catalina.core.AprLifecycleListener.lifecycleEvent APR 버전 [1.7.0]을(를) 사용한, APR 기반 Apache Tomcat Native 라이브러리 [1.2.25]을(를) 로드했습니다.
28-Dec-2020 09:47:59.790 정보 [main] org.apache.catalina.core.AprLifecycleListener.lifecycleEvent APR 용량정보들: IPv6 [true], sendfile [true], accept filters [false], random [true].
28-Dec-2020 09:47:59.790 정보 [main] org.apache.catalina.core.AprLifecycleListener.lifecycleEvent APR/OpenSSL 설정: useAprConnector [false], useOpenSSL [true]
28-Dec-2020 09:47:59.795 정보 [main] org.apache.catalina.core.AprLifecycleListener.initializeSSL OpenSSL이 성공적으로 초기화되었습니다: [OpenSSL 1.1.1g  21 Apr 2020]
28-Dec-2020 09:48:00.084 정보 [main] org.apache.coyote.AbstractProtocol.init 프로토콜 핸들러 ["http-nio-8696"]을(를) 초기화합니다.
28-Dec-2020 09:48:00.571 정보 [main] org.apache.catalina.startup.Catalina.load [956] 밀리초 내에 서버가 초기화되었습니다.
28-Dec-2020 09:48:00.592 정보 [main] org.apache.catalina.core.StandardService.startInternal 서비스 [Catalina]을(를) 시작합니다.
28-Dec-2020 09:48:00.593 정보 [main] org.apache.catalina.core.StandardEngine.startInternal 서버 엔진을 시작합니다: [Apache Tomcat/9.0.41]
28-Dec-2020 09:48:00.599 정보 [main] org.apache.catalina.startup.HostConfig.deployDirectory 웹 애플리케이션 디렉토리 [C:\Git_BUSAN_IT\Eclipse\apache-tomcat-9.0.41-windows-x64\apache-tomcat-9.0.41\webapps\docs]을(를) 배치합니다.
28-Dec-2020 09:48:01.000 정보 [main] org.apache.jasper.servlet.TldScanner.scanJars 적어도 하나의 JAR가 TLD들을 찾기 위해 스캔되었으나 아무 것도 찾지 못했습니다. 스캔했으나 TLD가 없는 JAR들의 전체 목록을 보시려면, 로그 레벨을 디버그 레벨로 설정하십시오. 스캔 과정에서 불필요한 JAR들을 건너뛰면, 시스템 시작 시간과 JSP 컴파일 시간을 단축시킬 수 있습니다.
28-Dec-2020 09:48:01.040 정보 [main] org.apache.catalina.startup.HostConfig.deployDirectory 웹 애플리케이션 디렉토리 [C:\Git_BUSAN_IT\Eclipse\apache-tomcat-9.0.41-windows-x64\apache-tomcat-9.0.41\webapps\docs]에 대한 배치가 [440] 밀리초에 완료되었습니다.
28-Dec-2020 09:48:01.042 정보 [main] org.apache.catalina.startup.HostConfig.deployDirectory 웹 애플리케이션 디렉토리 [C:\Git_BUSAN_IT\Eclipse\apache-tomcat-9.0.41-windows-x64\apache-tomcat-9.0.41\webapps\examples]을(를) 배치합니다.
28-Dec-2020 09:48:01.483 정보 [main] org.apache.jasper.servlet.TldScanner.scanJars 적어도 하나의 JAR가 TLD들을 찾기 위해 스캔되었으나 아무 것도 찾지 못했습니다. 스캔했으나 TLD가 없는 JAR들의 전체 목록을 보시려면, 로그 레벨을 디버그 레벨로 설정하십시오. 스캔 과정에서 불필요한 JAR들을 건너뛰면, 시스템 시작 시간과 JSP 컴파일 시간을 단축시킬 수 있습니다.
28-Dec-2020 09:48:01.531 정보 [main] org.apache.catalina.startup.HostConfig.deployDirectory 웹 애플리케이션 디렉토리 [C:\Git_BUSAN_IT\Eclipse\apache-tomcat-9.0.41-windows-x64\apache-tomcat-9.0.41\webapps\examples]에 대한 배치가 [489] 밀리초에 완료되었습니다.
28-Dec-2020 09:48:01.535 정보 [main] org.apache.catalina.startup.HostConfig.deployDirectory 웹 애플리케이션 디렉토리 [C:\Git_BUSAN_IT\Eclipse\apache-tomcat-9.0.41-windows-x64\apache-tomcat-9.0.41\webapps\host-manager]을(를) 배치합니다.
28-Dec-2020 09:48:01.765 정보 [main] org.apache.jasper.servlet.TldScanner.scanJars 적어도 하나의 JAR가 TLD들을 찾기 위해 스캔되었으나 아무 것도 찾지 못했습니다. 스캔했으나 TLD가 없는 JAR들의 전체 목록을 보시려면, 로그 레벨을 디버그 레벨로 설정하십시오. 스캔 과정에서 불필요한 JAR들을 건너뛰면, 시스템 시작 시간과 JSP 컴파일 시간을 단축시킬 수 있습니다.
28-Dec-2020 09:48:01.770 정보 [main] org.apache.catalina.startup.HostConfig.deployDirectory 웹 애플리케이션 디렉토리 [C:\Git_BUSAN_IT\Eclipse\apache-tomcat-9.0.41-windows-x64\apache-tomcat-9.0.41\webapps\host-manager]에 대한 배치가 [235] 밀리초에 완료되었습니다.
28-Dec-2020 09:48:01.772 정보 [main] org.apache.catalina.startup.HostConfig.deployDirectory 웹 애플리케이션 디렉토리 [C:\Git_BUSAN_IT\Eclipse\apache-tomcat-9.0.41-windows-x64\apache-tomcat-9.0.41\webapps\manager]을(를) 배치합니다.
28-Dec-2020 09:48:01.980 정보 [main] org.apache.jasper.servlet.TldScanner.scanJars 적어도 하나의 JAR가 TLD들을 찾기 위해 스캔되었으나 아무 것도 찾지 못했습니다. 스캔했으나 TLD가 없는 JAR들의 전체 목록을 보시려면, 로그 레벨을 디버그 레벨로 설정하십시오. 스캔 과정에서 불필요한 JAR들을 건너뛰면, 시스템 시작 시간과 JSP 컴파일 시간을 단축시킬 수 있습니다.
28-Dec-2020 09:48:01.985 정보 [main] org.apache.catalina.startup.HostConfig.deployDirectory 웹 애플리케이션 디렉토리 [C:\Git_BUSAN_IT\Eclipse\apache-tomcat-9.0.41-windows-x64\apache-tomcat-9.0.41\webapps\manager]에 대한 배치가 [213] 밀리초에 완료되었습니다.
28-Dec-2020 09:48:01.986 정보 [main] org.apache.catalina.startup.HostConfig.deployDirectory 웹 애플리케이션 디렉토리 [C:\Git_BUSAN_IT\Eclipse\apache-tomcat-9.0.41-windows-x64\apache-tomcat-9.0.41\webapps\ROOT]을(를) 배치합니다.
28-Dec-2020 09:48:02.206 정보 [main] org.apache.jasper.servlet.TldScanner.scanJars 적어도 하나의 JAR가 TLD들을 찾기 위해 스캔되었으나 아무 것도 찾지 못했습니다. 스캔했으나 TLD가 없는 JAR들의 전체 목록을 보시려면, 로그 레벨을 디버그 레벨로 설정하십시오. 스캔 과정에서 불필요한 JAR들을 건너뛰면, 시스템 시작 시간과 JSP 컴파일 시간을 단축시킬 수 있습니다.
28-Dec-2020 09:48:02.210 정보 [main] org.apache.catalina.startup.HostConfig.deployDirectory 웹 애플리케이션 디렉토리 [C:\Git_BUSAN_IT\Eclipse\apache-tomcat-9.0.41-windows-x64\apache-tomcat-9.0.41\webapps\ROOT]에 대한 배치가 [224] 밀리초에 완료되었습니다.
28-Dec-2020 09:48:02.214 정보 [main] org.apache.coyote.AbstractProtocol.start 프로토콜 핸들러 ["http-nio-8696"]을(를) 시작합니다.
28-Dec-2020 09:48:02.221 정보 [main] org.apache.catalina.startup.Catalina.start 서버가 [1648] 밀리초 내에 시작되었습니다.
