16-Jan-2021 12:25:15.660 정보 [main] org.apache.catalina.startup.VersionLoggerListener.log 서버 버전 이름:    Apache Tomcat/9.0.41
16-Jan-2021 12:25:15.668 정보 [main] org.apache.catalina.startup.VersionLoggerListener.log Server 빌드 시각:  Dec 3 2020 11:43:00 UTC
16-Jan-2021 12:25:15.669 정보 [main] org.apache.catalina.startup.VersionLoggerListener.log Server 버전 번호:  9.0.41.0
16-Jan-2021 12:25:15.669 정보 [main] org.apache.catalina.startup.VersionLoggerListener.log 운영체제 이름:     Windows 10
16-Jan-2021 12:25:15.669 정보 [main] org.apache.catalina.startup.VersionLoggerListener.log 운영체제 버전:     10.0
16-Jan-2021 12:25:15.669 정보 [main] org.apache.catalina.startup.VersionLoggerListener.log 아키텍처:          amd64
16-Jan-2021 12:25:15.669 정보 [main] org.apache.catalina.startup.VersionLoggerListener.log 자바 홈:           C:\Program Files\Java\jdk1.8.0_261\jre
16-Jan-2021 12:25:15.670 정보 [main] org.apache.catalina.startup.VersionLoggerListener.log JVM 버전:          1.8.0_261-b12
16-Jan-2021 12:25:15.670 정보 [main] org.apache.catalina.startup.VersionLoggerListener.log JVM 벤더:          Oracle Corporation
16-Jan-2021 12:25:15.670 정보 [main] org.apache.catalina.startup.VersionLoggerListener.log CATALINA_BASE:     C:\Git_BUSAN_IT_PROJECT\VaporWeb\TomCat\apache-tomcat-9.0.41
16-Jan-2021 12:25:15.670 정보 [main] org.apache.catalina.startup.VersionLoggerListener.log CATALINA_HOME:     C:\Git_BUSAN_IT_PROJECT\VaporWeb\TomCat\apache-tomcat-9.0.41
16-Jan-2021 12:25:15.671 정보 [main] org.apache.catalina.startup.VersionLoggerListener.log 명령 행 아규먼트:  -Djava.util.logging.config.file=C:\Git_BUSAN_IT_PROJECT\VaporWeb\TomCat\apache-tomcat-9.0.41\conf\logging.properties
16-Jan-2021 12:25:15.672 정보 [main] org.apache.catalina.startup.VersionLoggerListener.log 명령 행 아규먼트:  -Djava.util.logging.manager=org.apache.juli.ClassLoaderLogManager
16-Jan-2021 12:25:15.673 정보 [main] org.apache.catalina.startup.VersionLoggerListener.log 명령 행 아규먼트:  -Djdk.tls.ephemeralDHKeySize=2048
16-Jan-2021 12:25:15.674 정보 [main] org.apache.catalina.startup.VersionLoggerListener.log 명령 행 아규먼트:  -Djava.protocol.handler.pkgs=org.apache.catalina.webresources
16-Jan-2021 12:25:15.677 정보 [main] org.apache.catalina.startup.VersionLoggerListener.log 명령 행 아규먼트:  -Dignore.endorsed.dirs=
16-Jan-2021 12:25:15.678 정보 [main] org.apache.catalina.startup.VersionLoggerListener.log 명령 행 아규먼트:  -Dcatalina.base=C:\Git_BUSAN_IT_PROJECT\VaporWeb\TomCat\apache-tomcat-9.0.41
16-Jan-2021 12:25:15.679 정보 [main] org.apache.catalina.startup.VersionLoggerListener.log 명령 행 아규먼트:  -Dcatalina.home=C:\Git_BUSAN_IT_PROJECT\VaporWeb\TomCat\apache-tomcat-9.0.41
16-Jan-2021 12:25:15.679 정보 [main] org.apache.catalina.startup.VersionLoggerListener.log 명령 행 아규먼트:  -Djava.io.tmpdir=C:\Git_BUSAN_IT_PROJECT\VaporWeb\TomCat\apache-tomcat-9.0.41\temp
16-Jan-2021 12:25:15.682 정보 [main] org.apache.catalina.core.AprLifecycleListener.lifecycleEvent APR 버전 [1.7.0]을(를) 사용한, APR 기반 Apache Tomcat Native 라이브러리 [1.2.25]을(를) 로드했습니다.
16-Jan-2021 12:25:15.683 정보 [main] org.apache.catalina.core.AprLifecycleListener.lifecycleEvent APR 용량정보들: IPv6 [true], sendfile [true], accept filters [false], random [true].
16-Jan-2021 12:25:15.684 정보 [main] org.apache.catalina.core.AprLifecycleListener.lifecycleEvent APR/OpenSSL 설정: useAprConnector [false], useOpenSSL [true]
16-Jan-2021 12:25:15.691 정보 [main] org.apache.catalina.core.AprLifecycleListener.initializeSSL OpenSSL이 성공적으로 초기화되었습니다: [OpenSSL 1.1.1g  21 Apr 2020]
16-Jan-2021 12:25:16.055 정보 [main] org.apache.coyote.AbstractProtocol.init 프로토콜 핸들러 ["http-nio-8080"]을(를) 초기화합니다.
16-Jan-2021 12:25:16.578 심각 [main] org.apache.catalina.util.LifecycleBase.handleSubClassException 구성요소 [Connector[HTTP/1.1-8080]]을(를) 초기화하지 못했습니다.
	org.apache.catalina.LifecycleException: 프로토콜 핸들러 초기화가 실패했습니다.
		at org.apache.catalina.connector.Connector.initInternal(Connector.java:1042)
		at org.apache.catalina.util.LifecycleBase.init(LifecycleBase.java:136)
		at org.apache.catalina.core.StandardService.initInternal(StandardService.java:558)
		at org.apache.catalina.util.LifecycleBase.init(LifecycleBase.java:136)
		at org.apache.catalina.core.StandardServer.initInternal(StandardServer.java:1057)
		at org.apache.catalina.util.LifecycleBase.init(LifecycleBase.java:136)
		at org.apache.catalina.startup.Catalina.load(Catalina.java:724)
		at org.apache.catalina.startup.Catalina.load(Catalina.java:746)
		at sun.reflect.NativeMethodAccessorImpl.invoke0(Native Method)
		at sun.reflect.NativeMethodAccessorImpl.invoke(NativeMethodAccessorImpl.java:62)
		at sun.reflect.DelegatingMethodAccessorImpl.invoke(DelegatingMethodAccessorImpl.java:43)
		at java.lang.reflect.Method.invoke(Method.java:498)
		at org.apache.catalina.startup.Bootstrap.load(Bootstrap.java:302)
		at org.apache.catalina.startup.Bootstrap.main(Bootstrap.java:472)
	Caused by: java.net.BindException: Address already in use: bind
		at sun.nio.ch.Net.bind0(Native Method)
		at sun.nio.ch.Net.bind(Net.java:444)
		at sun.nio.ch.Net.bind(Net.java:436)
		at sun.nio.ch.ServerSocketChannelImpl.bind(ServerSocketChannelImpl.java:225)
		at sun.nio.ch.ServerSocketAdaptor.bind(ServerSocketAdaptor.java:74)
		at org.apache.tomcat.util.net.NioEndpoint.initServerSocket(NioEndpoint.java:228)
		at org.apache.tomcat.util.net.NioEndpoint.bind(NioEndpoint.java:211)
		at org.apache.tomcat.util.net.AbstractEndpoint.bindWithCleanup(AbstractEndpoint.java:1159)
		at org.apache.tomcat.util.net.AbstractEndpoint.init(AbstractEndpoint.java:1172)
		at org.apache.coyote.AbstractProtocol.init(AbstractProtocol.java:592)
		at org.apache.coyote.http11.AbstractHttp11Protocol.init(AbstractHttp11Protocol.java:80)
		at org.apache.catalina.connector.Connector.initInternal(Connector.java:1039)
		... 13 more
16-Jan-2021 12:25:16.582 정보 [main] org.apache.catalina.startup.Catalina.load [1113] 밀리초 내에 서버가 초기화되었습니다.
16-Jan-2021 12:25:16.607 정보 [main] org.apache.catalina.core.StandardService.startInternal 서비스 [Catalina]을(를) 시작합니다.
16-Jan-2021 12:25:16.608 정보 [main] org.apache.catalina.core.StandardEngine.startInternal 서버 엔진을 시작합니다: [Apache Tomcat/9.0.41]
16-Jan-2021 12:25:16.615 정보 [main] org.apache.catalina.startup.HostConfig.deployDirectory 웹 애플리케이션 디렉토리 [C:\Git_BUSAN_IT_PROJECT\VaporWeb\TomCat\apache-tomcat-9.0.41\webapps\docs]을(를) 배치합니다.
16-Jan-2021 12:25:16.797 정보 [main] org.apache.catalina.startup.HostConfig.deployDirectory 웹 애플리케이션 디렉토리 [C:\Git_BUSAN_IT_PROJECT\VaporWeb\TomCat\apache-tomcat-9.0.41\webapps\docs]에 대한 배치가 [181] 밀리초에 완료되었습니다.
16-Jan-2021 12:25:16.799 정보 [main] org.apache.catalina.startup.HostConfig.deployDirectory 웹 애플리케이션 디렉토리 [C:\Git_BUSAN_IT_PROJECT\VaporWeb\TomCat\apache-tomcat-9.0.41\webapps\examples]을(를) 배치합니다.
16-Jan-2021 12:25:17.108 정보 [main] org.apache.catalina.startup.HostConfig.deployDirectory 웹 애플리케이션 디렉토리 [C:\Git_BUSAN_IT_PROJECT\VaporWeb\TomCat\apache-tomcat-9.0.41\webapps\examples]에 대한 배치가 [309] 밀리초에 완료되었습니다.
16-Jan-2021 12:25:17.109 정보 [main] org.apache.catalina.startup.HostConfig.deployDirectory 웹 애플리케이션 디렉토리 [C:\Git_BUSAN_IT_PROJECT\VaporWeb\TomCat\apache-tomcat-9.0.41\webapps\host-manager]을(를) 배치합니다.
16-Jan-2021 12:25:17.135 정보 [main] org.apache.catalina.startup.HostConfig.deployDirectory 웹 애플리케이션 디렉토리 [C:\Git_BUSAN_IT_PROJECT\VaporWeb\TomCat\apache-tomcat-9.0.41\webapps\host-manager]에 대한 배치가 [26] 밀리초에 완료되었습니다.
16-Jan-2021 12:25:17.137 정보 [main] org.apache.catalina.startup.HostConfig.deployDirectory 웹 애플리케이션 디렉토리 [C:\Git_BUSAN_IT_PROJECT\VaporWeb\TomCat\apache-tomcat-9.0.41\webapps\manager]을(를) 배치합니다.
16-Jan-2021 12:25:17.158 정보 [main] org.apache.catalina.startup.HostConfig.deployDirectory 웹 애플리케이션 디렉토리 [C:\Git_BUSAN_IT_PROJECT\VaporWeb\TomCat\apache-tomcat-9.0.41\webapps\manager]에 대한 배치가 [21] 밀리초에 완료되었습니다.
16-Jan-2021 12:25:17.160 정보 [main] org.apache.catalina.startup.HostConfig.deployDirectory 웹 애플리케이션 디렉토리 [C:\Git_BUSAN_IT_PROJECT\VaporWeb\TomCat\apache-tomcat-9.0.41\webapps\ROOT]을(를) 배치합니다.
16-Jan-2021 12:25:17.176 정보 [main] org.apache.catalina.startup.HostConfig.deployDirectory 웹 애플리케이션 디렉토리 [C:\Git_BUSAN_IT_PROJECT\VaporWeb\TomCat\apache-tomcat-9.0.41\webapps\ROOT]에 대한 배치가 [16] 밀리초에 완료되었습니다.
16-Jan-2021 12:25:17.180 정보 [main] org.apache.catalina.startup.Catalina.start 서버가 [596] 밀리초 내에 시작되었습니다.
